<?xml version="1.0" encoding="UTF-8"?>
<robot generator="Robot 3.2.2 (Python 3.9.2 on win32)" generated="20210330 16:03:24.322" rpa="false">
<suite id="s1" name="TestButtons" source="C:\Users\RAlexandru\Documents\Proiecte Eclipse\TestButtons">
<suite id="s1-s1" name="Test Buttons" source="C:\Users\RAlexandru\Documents\Proiecte Eclipse\TestButtons\test_buttons.robot">
<test id="s1-s1-t1" name="TestButtons">
<kw name="Open Browser Page">
<kw name="Open Browser" library="SeleniumLibrary">
<doc>Opens a new browser instance to the optional ``url``.</doc>
<arguments>
<arg>${url}</arg>
<arg>${browser}</arg>
</arguments>
<msg timestamp="20210330 16:03:24.530" level="INFO">Opening browser 'chrome' to base url 'https://demoqa.com/buttons'.</msg>
<status status="PASS" starttime="20210330 16:03:24.529" endtime="20210330 16:03:27.274"></status>
</kw>
<kw name="Maximize Browser Window" library="SeleniumLibrary">
<doc>Maximizes current browser window.</doc>
<status status="PASS" starttime="20210330 16:03:27.274" endtime="20210330 16:03:27.390"></status>
</kw>
<status status="PASS" starttime="20210330 16:03:24.529" endtime="20210330 16:03:27.391"></status>
</kw>
<kw name="Click Selected Button" library="click_buttons.ClickButtons">
<arguments>
<arg>Click Me</arg>
</arguments>
<status status="PASS" starttime="20210330 16:03:27.391" endtime="20210330 16:03:27.670"></status>
</kw>
<kw name="Click Selected Button" library="click_buttons.ClickButtons">
<arguments>
<arg>Double Click Me</arg>
</arguments>
<status status="PASS" starttime="20210330 16:03:27.670" endtime="20210330 16:03:27.965"></status>
</kw>
<kw name="Click Selected Button" library="click_buttons.ClickButtons">
<arguments>
<arg>Right Click Me</arg>
</arguments>
<status status="PASS" starttime="20210330 16:03:27.965" endtime="20210330 16:03:28.244"></status>
</kw>
<kw name="Sleep" library="BuiltIn">
<doc>Pauses the test executed for the given time.</doc>
<arguments>
<arg>3</arg>
</arguments>
<msg timestamp="20210330 16:03:31.259" level="INFO">Slept 3 seconds</msg>
<status status="PASS" starttime="20210330 16:03:28.245" endtime="20210330 16:03:31.260"></status>
</kw>
<kw name="Close Browser" library="SeleniumLibrary">
<doc>Closes the current browser.</doc>
<status status="PASS" starttime="20210330 16:03:31.261" endtime="20210330 16:03:33.410"></status>
</kw>
<status status="PASS" starttime="20210330 16:03:24.528" endtime="20210330 16:03:33.410" critical="yes"></status>
</test>
<status status="PASS" starttime="20210330 16:03:24.368" endtime="20210330 16:03:33.411"></status>
</suite>
<status status="PASS" starttime="20210330 16:03:24.349" endtime="20210330 16:03:33.412"></status>
</suite>
<statistics>
<total>
<stat pass="1" fail="0">Critical Tests</stat>
<stat pass="1" fail="0">All Tests</stat>
</total>
<tag>
</tag>
<suite>
<stat pass="1" fail="0" id="s1" name="TestButtons">TestButtons</stat>
<stat pass="1" fail="0" id="s1-s1" name="Test Buttons">TestButtons.Test Buttons</stat>
</suite>
</statistics>
<errors>
</errors>
</robot>
